obj/Debug/net5.0/blazor/unlinked/BlazingPizza.Client.dll
obj/Debug/net5.0/blazor/unlinked/Microsoft.Extensions.DependencyInjection.Abstractions.dll
obj/Debug/net5.0/blazor/unlinked/netstandard.dll
obj/Debug/net5.0/blazor/unlinked/System.Xml.Linq.dll
obj/Debug/net5.0/blazor/unlinked/System.Core.dll
obj/Debug/net5.0/blazor/unlinked/System.dll
obj/Debug/net5.0/blazor/unlinked/WebAssembly.Net.WebSockets.dll
obj/Debug/net5.0/blazor/unlinked/System.Memory.dll
obj/Debug/net5.0/blazor/unlinked/mscorlib.dll
obj/Debug/net5.0/blazor/unlinked/WebAssembly.Bindings.dll
obj/Debug/net5.0/blazor/unlinked/System.Numerics.dll
obj/Debug/net5.0/blazor/unlinked/System.Xml.dll
obj/Debug/net5.0/blazor/unlinked/Mono.Security.dll
obj/Debug/net5.0/blazor/unlinked/System.Transactions.dll
obj/Debug/net5.0/blazor/unlinked/System.Runtime.Serialization.dll
obj/Debug/net5.0/blazor/unlinked/System.ServiceModel.Internals.dll
obj/Debug/net5.0/blazor/unlinked/System.Net.Http.dll
obj/Debug/net5.0/blazor/unlinked/System.Net.Http.WebAssemblyHttpHandler.dll
obj/Debug/net5.0/blazor/unlinked/System.ComponentModel.Composition.dll
obj/Debug/net5.0/blazor/unlinked/System.IO.Compression.FileSystem.dll
obj/Debug/net5.0/blazor/unlinked/System.IO.Compression.dll
obj/Debug/net5.0/blazor/unlinked/System.Drawing.Common.dll
obj/Debug/net5.0/blazor/unlinked/System.Data.DataSetExtensions.dll
obj/Debug/net5.0/blazor/unlinked/System.Data.dll
obj/Debug/net5.0/blazor/unlinked/Microsoft.AspNetCore.Components.dll
obj/Debug/net5.0/blazor/unlinked/System.Runtime.InteropServices.RuntimeInformation.dll
obj/Debug/net5.0/blazor/unlinked/System.Linq.dll
obj/Debug/net5.0/blazor/unlinked/System.Threading.dll
obj/Debug/net5.0/blazor/unlinked/Microsoft.Extensions.Logging.Abstractions.dll
obj/Debug/net5.0/blazor/unlinked/System.ObjectModel.dll
obj/Debug/net5.0/blazor/unlinked/System.ComponentModel.dll
obj/Debug/net5.0/blazor/unlinked/System.Collections.dll
obj/Debug/net5.0/blazor/unlinked/System.ComponentModel.TypeConverter.dll
obj/Debug/net5.0/blazor/unlinked/System.Collections.Concurrent.dll
obj/Debug/net5.0/blazor/unlinked/System.Runtime.dll
obj/Debug/net5.0/blazor/unlinked/Microsoft.AspNetCore.Components.WebAssembly.dll
obj/Debug/net5.0/blazor/unlinked/System.Runtime.Loader.dll
obj/Debug/net5.0/blazor/unlinked/Microsoft.Extensions.DependencyInjection.dll
obj/Debug/net5.0/blazor/unlinked/System.Reflection.Primitives.dll
obj/Debug/net5.0/blazor/unlinked/System.Reflection.Emit.ILGeneration.dll
obj/Debug/net5.0/blazor/unlinked/System.Reflection.Emit.Lightweight.dll
obj/Debug/net5.0/blazor/unlinked/System.Threading.ThreadPool.dll
obj/Debug/net5.0/blazor/unlinked/System.Linq.Expressions.dll
obj/Debug/net5.0/blazor/unlinked/System.Diagnostics.Tracing.dll
obj/Debug/net5.0/blazor/unlinked/System.Console.dll
obj/Debug/net5.0/blazor/unlinked/Microsoft.Extensions.Primitives.dll
obj/Debug/net5.0/blazor/unlinked/System.Runtime.CompilerServices.Unsafe.dll
obj/Debug/net5.0/blazor/unlinked/System.Threading.Tasks.dll
obj/Debug/net5.0/blazor/unlinked/System.Runtime.Extensions.dll
obj/Debug/net5.0/blazor/unlinked/System.Resources.ResourceManager.dll
obj/Debug/net5.0/blazor/unlinked/Microsoft.Extensions.Configuration.dll
obj/Debug/net5.0/blazor/unlinked/Microsoft.Extensions.Configuration.Abstractions.dll
obj/Debug/net5.0/blazor/unlinked/Microsoft.Extensions.Configuration.Json.dll
obj/Debug/net5.0/blazor/unlinked/Microsoft.Extensions.Configuration.FileExtensions.dll
obj/Debug/net5.0/blazor/unlinked/Microsoft.Extensions.FileProviders.Physical.dll
obj/Debug/net5.0/blazor/unlinked/Microsoft.Extensions.FileSystemGlobbing.dll
obj/Debug/net5.0/blazor/unlinked/Microsoft.Extensions.FileProviders.Abstractions.dll
obj/Debug/net5.0/blazor/unlinked/System.Text.Json.dll
obj/Debug/net5.0/blazor/unlinked/System.Buffers.dll
obj/Debug/net5.0/blazor/unlinked/System.Numerics.Vectors.dll
obj/Debug/net5.0/blazor/unlinked/System.Text.Encoding.Extensions.dll
obj/Debug/net5.0/blazor/unlinked/System.Diagnostics.Debug.dll
obj/Debug/net5.0/blazor/unlinked/Microsoft.Extensions.Logging.dll
obj/Debug/net5.0/blazor/unlinked/Microsoft.Extensions.Options.dll
obj/Debug/net5.0/blazor/unlinked/Microsoft.JSInterop.dll
obj/Debug/net5.0/blazor/unlinked/Microsoft.JSInterop.WebAssembly.dll
obj/Debug/net5.0/blazor/unlinked/Microsoft.AspNetCore.Components.Web.dll
obj/Debug/net5.0/blazor/unlinked/System.IO.Pipelines.dll
obj/Debug/net5.0/blazor/unlinked/Microsoft.AspNetCore.Components.Forms.dll
obj/Debug/net5.0/blazor/unlinked/System.ComponentModel.Annotations.dll
obj/Debug/net5.0/blazor/unlinked/System.ComponentModel.DataAnnotations.dll
obj/Debug/net5.0/blazor/unlinked/BlazingPizza.Client.pdb
